6 reads; of these:
  6 (100.00%) were unpaired; of these:
    6 (100.00%) aligned 0 times
    0 (0.00%) aligned exactly 1 time
    0 (0.00%) aligned >1 times
0.00% overall alignment rate
10 reads; of these:
  10 (100.00%) were unpaired; of these:
    10 (100.00%) aligned 0 times
    0 (0.00%) aligned exactly 1 time
    0 (0.00%) aligned >1 times
0.00% overall alignment rate
8 reads; of these:
  8 (100.00%) were unpaired; of these:
    8 (100.00%) aligned 0 times
    0 (0.00%) aligned exactly 1 time
    0 (0.00%) aligned >1 times
0.00% overall alignment rate
10 reads; of these:
  10 (100.00%) were unpaired; of these:
    10 (100.00%) aligned 0 times
    0 (0.00%) aligned exactly 1 time
    0 (0.00%) aligned >1 times
0.00% overall alignment rate
7 reads; of these:
  7 (100.00%) were unpaired; of these:
    7 (100.00%) aligned 0 times
    0 (0.00%) aligned exactly 1 time
    0 (0.00%) aligned >1 times
0.00% overall alignment rate
7 reads; of these:
  7 (100.00%) were unpaired; of these:
    7 (100.00%) aligned 0 times
    0 (0.00%) aligned exactly 1 time
    0 (0.00%) aligned >1 times
0.00% overall alignment rate
7 reads; of these:
  7 (100.00%) were unpaired; of these:
    7 (100.00%) aligned 0 times
    0 (0.00%) aligned exactly 1 time
    0 (0.00%) aligned >1 times
0.00% overall alignment rate
10 reads; of these:
  10 (100.00%) were unpaired; of these:
    10 (100.00%) aligned 0 times
    0 (0.00%) aligned exactly 1 time
    0 (0.00%) aligned >1 times
0.00% overall alignment rate
